# JRE version: OpenJDK Runtime Environment Temurin-17.0.4.1+1 (17.0.4.1+1) (build 17.0.4.1+1)
# Java VM: OpenJDK 64-Bit Server VM Temurin-17.0.4.1+1 (17.0.4.1+1, mixed mode, emulated-client, tiered, compressed oops, compressed class ptrs, g1 gc, windows-amd64)
GC Precious Log:
 CPUs: 8 total, 8 available
 Memory: 8029M
 Large Page Support: Disabled
 NUMA Support: Disabled
 Compressed Oops: Enabled (32-bit)
 Heap Region Size: 1M
 Heap Min Capacity: 8M
 Heap Initial Capacity: 126M
 Heap Max Capacity: 2008M
 Pre-touch: Disabled
 Parallel Workers: 8
 Concurrent Workers: 2
 Concurrent Refinement Workers: 8
 Periodic GC: Disabled
Heap:
 garbage-first heap   total 61440K, used 40589K [0x0000000082800000, 0x0000000100000000)
  region size 1024K, 23 young (23552K), 3 survivors (3072K)
 Metaspace       used 56750K, committed 57216K, reserved 1105920K
  class space    used 6714K, committed 6976K, reserved 1048576K
GC Heap History (20 events):
Event: 1.941 GC heap before
{Heap before GC invocations=9 (full 0):
 garbage-first heap   total 69632K, used 48003K [0x0000000082800000, 0x0000000100000000)
  region size 1024K, 40 young (40960K), 3 survivors (3072K)
 Metaspace       used 33161K, committed 33536K, reserved 1081344K
  class space    used 4063K, committed 4224K, reserved 1048576K
}
Event: 1.944 GC heap after
{Heap after GC invocations=10 (full 0):
 garbage-first heap   total 69632K, used 12085K [0x0000000082800000, 0x0000000100000000)
  region size 1024K, 5 young (5120K), 5 survivors (5120K)
 Metaspace       used 33161K, committed 33536K, reserved 1081344K
  class space    used 4063K, committed 4224K, reserved 1048576K
}
Event: 2.191 GC heap before
{Heap before GC invocations=10 (full 0):
 garbage-first heap   total 69632K, used 43829K [0x0000000082800000, 0x0000000100000000)
  region size 1024K, 37 young (37888K), 5 survivors (5120K)
 Metaspace       used 35984K, committed 36288K, reserved 1081344K
  class space    used 4375K, committed 4544K, reserved 1048576K
}
Event: 2.195 GC heap after
{Heap after GC invocations=11 (full 0):
 garbage-first heap   total 69632K, used 13769K [0x0000000082800000, 0x0000000100000000)
  region size 1024K, 4 young (4096K), 4 survivors (4096K)
 Metaspace       used 35984K, committed 36288K, reserved 1081344K
  class space    used 4375K, committed 4544K, reserved 1048576K
}
Event: 2.451 GC heap before
{Heap before GC invocations=12 (full 0):
 garbage-first heap   total 51200K, used 42441K [0x0000000082800000, 0x0000000100000000)
  region size 1024K, 33 young (33792K), 4 survivors (4096K)
 Metaspace       used 38619K, committed 38976K, reserved 1089536K
  class space    used 4695K, committed 4864K, reserved 1048576K
}
Event: 2.455 GC heap after
{Heap after GC invocations=13 (full 0):
 garbage-first heap   total 61440K, used 15777K [0x0000000082800000, 0x0000000100000000)
  region size 1024K, 4 young (4096K), 4 survivors (4096K)
 Metaspace       used 38619K, committed 38976K, reserved 1089536K
  class space    used 4695K, committed 4864K, reserved 1048576K
}
Event: 2.472 GC heap before
{Heap before GC invocations=13 (full 0):
 garbage-first heap   total 61440K, used 16801K [0x0000000082800000, 0x0000000100000000)
  region size 1024K, 5 young (5120K), 4 survivors (4096K)
 Metaspace       used 38681K, committed 39040K, reserved 1089536K
  class space    used 4702K, committed 4864K, reserved 1048576K
}
Event: 2.474 GC heap after
{Heap after GC invocations=14 (full 0):
 garbage-first heap   total 61440K, used 15863K [0x0000000082800000, 0x0000000100000000)
  region size 1024K, 1 young (1024K), 1 survivors (1024K)
 Metaspace       used 38681K, committed 39040K, reserved 1089536K
  class space    used 4702K, committed 4864K, reserved 1048576K
}
Event: 2.699 GC heap before
{Heap before GC invocations=14 (full 0):
 garbage-first heap   total 61440K, used 48631K [0x0000000082800000, 0x0000000100000000)
  region size 1024K, 33 young (33792K), 1 survivors (1024K)
 Metaspace       used 40900K, committed 41344K, reserved 1089536K
  class space    used 5024K, committed 5248K, reserved 1048576K
}
Event: 2.702 GC heap after
{Heap after GC invocations=15 (full 0):
 garbage-first heap   total 61440K, used 17435K [0x0000000082800000, 0x0000000100000000)
  region size 1024K, 3 young (3072K), 3 survivors (3072K)
 Metaspace       used 40900K, committed 41344K, reserved 1089536K
  class space    used 5024K, committed 5248K, reserved 1048576K
}
Event: 18.499 GC heap before
{Heap before GC invocations=15 (full 0):
 garbage-first heap   total 61440K, used 47131K [0x0000000082800000, 0x0000000100000000)
  region size 1024K, 33 young (33792K), 3 survivors (3072K)
 Metaspace       used 43970K, committed 44480K, reserved 1089536K
  class space    used 5374K, committed 5632K, reserved 1048576K
}
Event: 18.513 GC heap after
{Heap after GC invocations=16 (full 0):
 garbage-first heap   total 61440K, used 18492K [0x0000000082800000, 0x0000000100000000)
  region size 1024K, 4 young (4096K), 4 survivors (4096K)
 Metaspace       used 43970K, committed 44480K, reserved 1089536K
  class space    used 5374K, committed 5632K, reserved 1048576K
}
Event: 18.813 GC heap before
{Heap before GC invocations=16 (full 0):
 garbage-first heap   total 61440K, used 48188K [0x0000000082800000, 0x0000000100000000)
  region size 1024K, 34 young (34816K), 4 survivors (4096K)
 Metaspace       used 46704K, committed 47168K, reserved 1097728K
  class space    used 5577K, committed 5824K, reserved 1048576K
}
Event: 18.816 GC heap after
{Heap after GC invocations=17 (full 0):
 garbage-first heap   total 61440K, used 20488K [0x0000000082800000, 0x0000000100000000)
  region size 1024K, 4 young (4096K), 4 survivors (4096K)
 Metaspace       used 46704K, committed 47168K, reserved 1097728K
  class space    used 5577K, committed 5824K, reserved 1048576K
}
Event: 18.981 GC heap before
{Heap before GC invocations=17 (full 0):
 garbage-first heap   total 61440K, used 48136K [0x0000000082800000, 0x0000000100000000)
  region size 1024K, 31 young (31744K), 4 survivors (4096K)
 Metaspace       used 49252K, committed 49728K, reserved 1097728K
  class space    used 5835K, committed 6080K, reserved 1048576K
}
Event: 18.983 GC heap after
{Heap after GC invocations=18 (full 0):
 garbage-first heap   total 61440K, used 19900K [0x0000000082800000, 0x0000000100000000)
  region size 1024K, 2 young (2048K), 2 survivors (2048K)
 Metaspace       used 49252K, committed 49728K, reserved 1097728K
  class space    used 5835K, committed 6080K, reserved 1048576K
}
Event: 26.354 GC heap before
{Heap before GC invocations=18 (full 0):
 garbage-first heap   total 61440K, used 48572K [0x0000000082800000, 0x0000000100000000)
  region size 1024K, 31 young (31744K), 2 survivors (2048K)
 Metaspace       used 50650K, committed 51136K, reserved 1097728K
  class space    used 5971K, committed 6208K, reserved 1048576K
}
Event: 26.356 GC heap after
{Heap after GC invocations=19 (full 0):
 garbage-first heap   total 61440K, used 20047K [0x0000000082800000, 0x0000000100000000)
  region size 1024K, 2 young (2048K), 2 survivors (2048K)
 Metaspace       used 50650K, committed 51136K, reserved 1097728K
  class space    used 5971K, committed 6208K, reserved 1048576K
}
Event: 26.604 GC heap before
{Heap before GC invocations=19 (full 0):
 garbage-first heap   total 61440K, used 49743K [0x0000000082800000, 0x0000000100000000)
  region size 1024K, 32 young (32768K), 2 survivors (2048K)
 Metaspace       used 56094K, committed 56512K, reserved 1105920K
  class space    used 6644K, committed 6848K, reserved 1048576K
}
Event: 26.606 GC heap after
{Heap after GC invocations=20 (full 0):
 garbage-first heap   total 61440K, used 21133K [0x0000000082800000, 0x0000000100000000)
  region size 1024K, 3 young (3072K), 3 survivors (3072K)
 Metaspace       used 56094K, committed 56512K, reserved 1105920K
  class space    used 6644K, committed 6848K, reserved 1048576K
}

